# JRE version: Java(TM) SE Runtime Environment (7.0_65-b17) (build 1.7.0_65-b17)
# Java VM: Java HotSpot(TM) 64-Bit Server VM (24.65-b04 mixed mode linux-amd64 compressed oops)
Heap
 PSYoungGen      total 269312K, used 243200K [0x00000000eaa80000, 0x00000000fea80000, 0x0000000100000000)
  eden space 243200K, 100% used [0x00000000eaa80000,0x00000000f9800000,0x00000000f9800000)
  from space 26112K, 0% used [0x00000000fbc00000,0x00000000fbc00000,0x00000000fd580000)
  to   space 36864K, 43% used [0x00000000f9800000,0x00000000fa7ca128,0x00000000fbc00000)
 ParOldGen       total 147968K, used 77824K [0x00000000c0000000, 0x00000000c9080000, 0x00000000eaa80000)
  object space 147968K, 52% used [0x00000000c0000000,0x00000000c4c00110,0x00000000c9080000)
 PSPermGen       total 21504K, used 7313K [0x00000000bae00000, 0x00000000bc300000, 0x00000000c0000000)
  object space 21504K, 34% used [0x00000000bae00000,0x00000000bb524508,0x00000000bc300000)
GC Heap History (10 events):
Event: 2.411 GC heap after
Heap after GC invocations=3 (full 0):
 PSYoungGen      total 68608K, used 5093K [0x00000000eaa80000, 0x00000000f3080000, 0x0000000100000000)
  eden space 63488K, 0% used [0x00000000eaa80000,0x00000000eaa80000,0x00000000ee880000)
  from space 5120K, 99% used [0x00000000ee880000,0x00000000eed79790,0x00000000eed80000)
  to   space 5120K, 0% used [0x00000000f2b80000,0x00000000f2b80000,0x00000000f3080000)
 ParOldGen       total 83456K, used 22806K [0x00000000c0000000, 0x00000000c5180000, 0x00000000eaa80000)
  object space 83456K, 27% used [0x00000000c0000000,0x00000000c16458f8,0x00000000c5180000)
 PSPermGen       total 21504K, used 5510K [0x00000000bae00000, 0x00000000bc300000, 0x00000000c0000000)
  object space 21504K, 25% used [0x00000000bae00000,0x00000000bb361b88,0x00000000bc300000)
}
Event: 3.921 GC heap before
{Heap before GC invocations=4 (full 0):
 PSYoungGen      total 68608K, used 68581K [0x00000000eaa80000, 0x00000000f3080000, 0x0000000100000000)
  eden space 63488K, 100% used [0x00000000eaa80000,0x00000000ee880000,0x00000000ee880000)
  from space 5120K, 99% used [0x00000000ee880000,0x00000000eed79790,0x00000000eed80000)
  to   space 5120K, 0% used [0x00000000f2b80000,0x00000000f2b80000,0x00000000f3080000)
 ParOldGen       total 83456K, used 22806K [0x00000000c0000000, 0x00000000c5180000, 0x00000000eaa80000)
  object space 83456K, 27% used [0x00000000c0000000,0x00000000c16458f8,0x00000000c5180000)
 PSPermGen       total 21504K, used 5580K [0x00000000bae00000, 0x00000000bc300000, 0x00000000c0000000)
  object space 21504K, 25% used [0x00000000bae00000,0x00000000bb3730f0,0x00000000bc300000)
Event: 3.958 GC heap after
Heap after GC invocations=4 (full 0):
 PSYoungGen      total 132096K, used 5091K [0x00000000eaa80000, 0x00000000f3080000, 0x0000000100000000)
  eden space 126976K, 0% used [0x00000000eaa80000,0x00000000eaa80000,0x00000000f2680000)
  from space 5120K, 99% used [0x00000000f2b80000,0x00000000f3078fd8,0x00000000f3080000)
  to   space 5120K, 0% used [0x00000000f2680000,0x00000000f2680000,0x00000000f2b80000)
 ParOldGen       total 83456K, used 33685K [0x00000000c0000000, 0x00000000c5180000, 0x00000000eaa80000)
  object space 83456K, 40% used [0x00000000c0000000,0x00000000c20e5748,0x00000000c5180000)
 PSPermGen       total 21504K, used 5580K [0x00000000bae00000, 0x00000000bc300000, 0x00000000c0000000)
  object space 21504K, 25% used [0x00000000bae00000,0x00000000bb3730f0,0x00000000bc300000)
}
Event: 6.216 GC heap before
{Heap before GC invocations=5 (full 0):
 PSYoungGen      total 132096K, used 132067K [0x00000000eaa80000, 0x00000000f3080000, 0x0000000100000000)
  eden space 126976K, 100% used [0x00000000eaa80000,0x00000000f2680000,0x00000000f2680000)
  from space 5120K, 99% used [0x00000000f2b80000,0x00000000f3078fd8,0x00000000f3080000)
  to   space 5120K, 0% used [0x00000000f2680000,0x00000000f2680000,0x00000000f2b80000)
 ParOldGen       total 83456K, used 33685K [0x00000000c0000000, 0x00000000c5180000, 0x00000000eaa80000)
  object space 83456K, 40% used [0x00000000c0000000,0x00000000c20e5748,0x00000000c5180000)
 PSPermGen       total 21504K, used 5645K [0x00000000bae00000, 0x00000000bc300000, 0x00000000c0000000)
  object space 21504K, 26% used [0x00000000bae00000,0x00000000bb383468,0x00000000bc300000)
Event: 6.267 GC heap after
Heap after GC invocations=5 (full 0):
 PSYoungGen      total 132096K, used 5119K [0x00000000eaa80000, 0x00000000fd580000, 0x0000000100000000)
  eden space 126976K, 0% used [0x00000000eaa80000,0x00000000eaa80000,0x00000000f2680000)
  from space 5120K, 99% used [0x00000000f2680000,0x00000000f2b7feb8,0x00000000f2b80000)
  to   space 26112K, 0% used [0x00000000fbc00000,0x00000000fbc00000,0x00000000fd580000)
 ParOldGen       total 83456K, used 55521K [0x00000000c0000000, 0x00000000c5180000, 0x00000000eaa80000)
  object space 83456K, 66% used [0x00000000c0000000,0x00000000c3638728,0x00000000c5180000)
 PSPermGen       total 21504K, used 5645K [0x00000000bae00000, 0x00000000bc300000, 0x00000000c0000000)
  object space 21504K, 26% used [0x00000000bae00000,0x00000000bb383468,0x00000000bc300000)
}
Event: 7.598 GC heap before
{Heap before GC invocations=6 (full 0):
 PSYoungGen      total 132096K, used 132095K [0x00000000eaa80000, 0x00000000fd580000, 0x0000000100000000)
  eden space 126976K, 100% used [0x00000000eaa80000,0x00000000f2680000,0x00000000f2680000)
  from space 5120K, 99% used [0x00000000f2680000,0x00000000f2b7feb8,0x00000000f2b80000)
  to   space 26112K, 0% used [0x00000000fbc00000,0x00000000fbc00000,0x00000000fd580000)
 ParOldGen       total 83456K, used 55521K [0x00000000c0000000, 0x00000000c5180000, 0x00000000eaa80000)
  object space 83456K, 66% used [0x00000000c0000000,0x00000000c3638728,0x00000000c5180000)
 PSPermGen       total 21504K, used 5655K [0x00000000bae00000, 0x00000000bc300000, 0x00000000c0000000)
  object space 21504K, 26% used [0x00000000bae00000,0x00000000bb385fd0,0x00000000bc300000)
Event: 7.682 GC heap after
Heap after GC invocations=6 (full 0):
 PSYoungGen      total 269312K, used 26080K [0x00000000eaa80000, 0x00000000fea80000, 0x0000000100000000)
  eden space 243200K, 0% used [0x00000000eaa80000,0x00000000eaa80000,0x00000000f9800000)
  from space 26112K, 99% used [0x00000000fbc00000,0x00000000fd578300,0x00000000fd580000)
  to   space 36864K, 0% used [0x00000000f9800000,0x00000000f9800000,0x00000000fbc00000)
 ParOldGen       total 83456K, used 67934K [0x00000000c0000000, 0x00000000c5180000, 0x00000000eaa80000)
  object space 83456K, 81% used [0x00000000c0000000,0x00000000c4257b18,0x00000000c5180000)
 PSPermGen       total 21504K, used 5655K [0x00000000bae00000, 0x00000000bc300000, 0x00000000c0000000)
  object space 21504K, 26% used [0x00000000bae00000,0x00000000bb385fd0,0x00000000bc300000)
}
Event: 7.682 GC heap before
{Heap before GC invocations=7 (full 1):
 PSYoungGen      total 269312K, used 26080K [0x00000000eaa80000, 0x00000000fea80000, 0x0000000100000000)
  eden space 243200K, 0% used [0x00000000eaa80000,0x00000000eaa80000,0x00000000f9800000)
  from space 26112K, 99% used [0x00000000fbc00000,0x00000000fd578300,0x00000000fd580000)
  to   space 36864K, 0% used [0x00000000f9800000,0x00000000f9800000,0x00000000fbc00000)
 ParOldGen       total 83456K, used 67934K [0x00000000c0000000, 0x00000000c5180000, 0x00000000eaa80000)
  object space 83456K, 81% used [0x00000000c0000000,0x00000000c4257b18,0x00000000c5180000)
 PSPermGen       total 21504K, used 5655K [0x00000000bae00000, 0x00000000bc300000, 0x00000000c0000000)
  object space 21504K, 26% used [0x00000000bae00000,0x00000000bb385fd0,0x00000000bc300000)
Event: 8.049 GC heap after
Heap after GC invocations=7 (full 1):
 PSYoungGen      total 269312K, used 0K [0x00000000eaa80000, 0x00000000fea80000, 0x0000000100000000)
  eden space 243200K, 0% used [0x00000000eaa80000,0x00000000eaa80000,0x00000000f9800000)
  from space 26112K, 0% used [0x00000000fbc00000,0x00000000fbc00000,0x00000000fd580000)
  to   space 36864K, 0% used [0x00000000f9800000,0x00000000f9800000,0x00000000fbc00000)
 ParOldGen       total 147968K, used 77816K [0x00000000c0000000, 0x00000000c9080000, 0x00000000eaa80000)
  object space 147968K, 52% used [0x00000000c0000000,0x00000000c4bfe110,0x00000000c9080000)
 PSPermGen       total 21504K, used 5651K [0x00000000bae00000, 0x00000000bc300000, 0x00000000c0000000)
  object space 21504K, 26% used [0x00000000bae00000,0x00000000bb384fc0,0x00000000bc300000)
}
Event: 10.913 GC heap before
{Heap before GC invocations=8 (full 1):
 PSYoungGen      total 269312K, used 243200K [0x00000000eaa80000, 0x00000000fea80000, 0x0000000100000000)
  eden space 243200K, 100% used [0x00000000eaa80000,0x00000000f9800000,0x00000000f9800000)
  from space 26112K, 0% used [0x00000000fbc00000,0x00000000fbc00000,0x00000000fd580000)
  to   space 36864K, 0% used [0x00000000f9800000,0x00000000f9800000,0x00000000fbc00000)
 ParOldGen       total 147968K, used 77816K [0x00000000c0000000, 0x00000000c9080000, 0x00000000eaa80000)
  object space 147968K, 52% used [0x00000000c0000000,0x00000000c4bfe110,0x00000000c9080000)
 PSPermGen       total 21504K, used 7313K [0x00000000bae00000, 0x00000000bc300000, 0x00000000c0000000)
  object space 21504K, 34% used [0x00000000bae00000,0x00000000bb524508,0x00000000bc300000)

