# JRE version: Java(TM) SE Runtime Environment (7.0_65-b17) (build 1.7.0_65-b17)
# Java VM: Java HotSpot(TM) 64-Bit Server VM (24.65-b04 mixed mode linux-amd64 compressed oops)
Heap
 PSYoungGen      total 316416K, used 304463K [0x00000000eaa80000, 0x0000000100000000, 0x0000000100000000)
  eden space 282624K, 100% used [0x00000000eaa80000,0x00000000fbe80000,0x00000000fbe80000)
  from space 33792K, 64% used [0x00000000fdf00000,0x00000000ff453c38,0x0000000100000000)
  to   space 33280K, 84% used [0x00000000fbe80000,0x00000000fd9d4510,0x00000000fdf00000)
 ParOldGen       total 118784K, used 90114K [0x00000000c0000000, 0x00000000c7400000, 0x00000000eaa80000)
  object space 118784K, 75% used [0x00000000c0000000,0x00000000c58008d8,0x00000000c7400000)
 PSPermGen       total 21504K, used 7475K [0x00000000bae00000, 0x00000000bc300000, 0x00000000c0000000)
  object space 21504K, 34% used [0x00000000bae00000,0x00000000bb54cf90,0x00000000bc300000)
GC Heap History (10 events):
Event: 10.541 GC heap after
Heap after GC invocations=9 (full 0):
 PSYoungGen      total 316928K, used 27281K [0x00000000eaa80000, 0x0000000100000000, 0x0000000100000000)
  eden space 289280K, 0% used [0x00000000eaa80000,0x00000000eaa80000,0x00000000fc500000)
  from space 27648K, 98% used [0x00000000fc500000,0x00000000fdfa4440,0x00000000fe000000)
  to   space 32768K, 0% used [0x00000000fe000000,0x00000000fe000000,0x0000000100000000)
 ParOldGen       total 83456K, used 61108K [0x00000000c0000000, 0x00000000c5180000, 0x00000000eaa80000)
  object space 83456K, 73% used [0x00000000c0000000,0x00000000c3bad3f0,0x00000000c5180000)
 PSPermGen       total 21504K, used 7477K [0x00000000bae00000, 0x00000000bc300000, 0x00000000c0000000)
  object space 21504K, 34% used [0x00000000bae00000,0x00000000bb54d6a8,0x00000000bc300000)
}
Event: 10.977 GC heap before
{Heap before GC invocations=10 (full 0):
 PSYoungGen      total 316928K, used 310882K [0x00000000eaa80000, 0x0000000100000000, 0x0000000100000000)
  eden space 289280K, 98% used [0x00000000eaa80000,0x00000000fbf746a0,0x00000000fc500000)
  from space 27648K, 98% used [0x00000000fc500000,0x00000000fdfa4440,0x00000000fe000000)
  to   space 32768K, 0% used [0x00000000fe000000,0x00000000fe000000,0x0000000100000000)
 ParOldGen       total 83456K, used 61108K [0x00000000c0000000, 0x00000000c5180000, 0x00000000eaa80000)
  object space 83456K, 73% used [0x00000000c0000000,0x00000000c3bad3f0,0x00000000c5180000)
 PSPermGen       total 21504K, used 7478K [0x00000000bae00000, 0x00000000bc300000, 0x00000000c0000000)
  object space 21504K, 34% used [0x00000000bae00000,0x00000000bb54daa0,0x00000000bc300000)
Event: 10.996 GC heap after
Heap after GC invocations=10 (full 0):
 PSYoungGen      total 317440K, used 14627K [0x00000000eaa80000, 0x0000000100000000, 0x0000000100000000)
  eden space 284672K, 0% used [0x00000000eaa80000,0x00000000eaa80000,0x00000000fc080000)
  from space 32768K, 44% used [0x00000000fe000000,0x00000000fee48d08,0x0000000100000000)
  to   space 32256K, 0% used [0x00000000fc080000,0x00000000fc080000,0x00000000fe000000)
 ParOldGen       total 83456K, used 75964K [0x00000000c0000000, 0x00000000c5180000, 0x00000000eaa80000)
  object space 83456K, 91% used [0x00000000c0000000,0x00000000c4a2f238,0x00000000c5180000)
 PSPermGen       total 21504K, used 7478K [0x00000000bae00000, 0x00000000bc300000, 0x00000000c0000000)
  object space 21504K, 34% used [0x00000000bae00000,0x00000000bb54daa0,0x00000000bc300000)
}
Event: 10.996 GC heap before
{Heap before GC invocations=11 (full 1):
 PSYoungGen      total 317440K, used 14627K [0x00000000eaa80000, 0x0000000100000000, 0x0000000100000000)
  eden space 284672K, 0% used [0x00000000eaa80000,0x00000000eaa80000,0x00000000fc080000)
  from space 32768K, 44% used [0x00000000fe000000,0x00000000fee48d08,0x0000000100000000)
  to   space 32256K, 0% used [0x00000000fc080000,0x00000000fc080000,0x00000000fe000000)
 ParOldGen       total 83456K, used 75964K [0x00000000c0000000, 0x00000000c5180000, 0x00000000eaa80000)
  object space 83456K, 91% used [0x00000000c0000000,0x00000000c4a2f238,0x00000000c5180000)
 PSPermGen       total 21504K, used 7478K [0x00000000bae00000, 0x00000000bc300000, 0x00000000c0000000)
  object space 21504K, 34% used [0x00000000bae00000,0x00000000bb54daa0,0x00000000bc300000)
Event: 11.231 GC heap after
Heap after GC invocations=11 (full 1):
 PSYoungGen      total 317440K, used 0K [0x00000000eaa80000, 0x0000000100000000, 0x0000000100000000)
  eden space 284672K, 0% used [0x00000000eaa80000,0x00000000eaa80000,0x00000000fc080000)
  from space 32768K, 0% used [0x00000000fe000000,0x00000000fe000000,0x0000000100000000)
  to   space 32256K, 0% used [0x00000000fc080000,0x00000000fc080000,0x00000000fe000000)
 ParOldGen       total 118784K, used 54860K [0x00000000c0000000, 0x00000000c7400000, 0x00000000eaa80000)
  object space 118784K, 46% used [0x00000000c0000000,0x00000000c3593008,0x00000000c7400000)
 PSPermGen       total 21504K, used 7472K [0x00000000bae00000, 0x00000000bc300000, 0x00000000c0000000)
  object space 21504K, 34% used [0x00000000bae00000,0x00000000bb54c268,0x00000000bc300000)
}
Event: 11.637 GC heap before
{Heap before GC invocations=12 (full 1):
 PSYoungGen      total 317440K, used 284672K [0x00000000eaa80000, 0x0000000100000000, 0x0000000100000000)
  eden space 284672K, 100% used [0x00000000eaa80000,0x00000000fc080000,0x00000000fc080000)
  from space 32768K, 0% used [0x00000000fe000000,0x00000000fe000000,0x0000000100000000)
  to   space 32256K, 0% used [0x00000000fc080000,0x00000000fc080000,0x00000000fe000000)
 ParOldGen       total 118784K, used 54860K [0x00000000c0000000, 0x00000000c7400000, 0x00000000eaa80000)
  object space 118784K, 46% used [0x00000000c0000000,0x00000000c3593008,0x00000000c7400000)
 PSPermGen       total 21504K, used 7473K [0x00000000bae00000, 0x00000000bc300000, 0x00000000c0000000)
  object space 21504K, 34% used [0x00000000bae00000,0x00000000bb54c408,0x00000000bc300000)
Event: 11.644 GC heap after
Heap after GC invocations=12 (full 1):
 PSYoungGen      total 311808K, used 26777K [0x00000000eaa80000, 0x0000000100000000, 0x0000000100000000)
  eden space 284672K, 0% used [0x00000000eaa80000,0x00000000eaa80000,0x00000000fc080000)
  from space 27136K, 98% used [0x00000000fc080000,0x00000000fdaa6648,0x00000000fdb00000)
  to   space 33792K, 0% used [0x00000000fdf00000,0x00000000fdf00000,0x0000000100000000)
 ParOldGen       total 118784K, used 69527K [0x00000000c0000000, 0x00000000c7400000, 0x00000000eaa80000)
  object space 118784K, 58% used [0x00000000c0000000,0x00000000c43e5e08,0x00000000c7400000)
 PSPermGen       total 21504K, used 7473K [0x00000000bae00000, 0x00000000bc300000, 0x00000000c0000000)
  object space 21504K, 34% used [0x00000000bae00000,0x00000000bb54c408,0x00000000bc300000)
}
Event: 12.064 GC heap before
{Heap before GC invocations=13 (full 1):
 PSYoungGen      total 311808K, used 311449K [0x00000000eaa80000, 0x0000000100000000, 0x0000000100000000)
  eden space 284672K, 100% used [0x00000000eaa80000,0x00000000fc080000,0x00000000fc080000)
  from space 27136K, 98% used [0x00000000fc080000,0x00000000fdaa6648,0x00000000fdb00000)
  to   space 33792K, 0% used [0x00000000fdf00000,0x00000000fdf00000,0x0000000100000000)
 ParOldGen       total 118784K, used 69527K [0x00000000c0000000, 0x00000000c7400000, 0x00000000eaa80000)
  object space 118784K, 58% used [0x00000000c0000000,0x00000000c43e5e08,0x00000000c7400000)
 PSPermGen       total 21504K, used 7473K [0x00000000bae00000, 0x00000000bc300000, 0x00000000c0000000)
  object space 21504K, 34% used [0x00000000bae00000,0x00000000bb54c680,0x00000000bc300000)
Event: 12.072 GC heap after
Heap after GC invocations=13 (full 1):
 PSYoungGen      total 316416K, used 21839K [0x00000000eaa80000, 0x0000000100000000, 0x0000000100000000)
  eden space 282624K, 0% used [0x00000000eaa80000,0x00000000eaa80000,0x00000000fbe80000)
  from space 33792K, 64% used [0x00000000fdf00000,0x00000000ff453c38,0x0000000100000000)
  to   space 33280K, 0% used [0x00000000fbe80000,0x00000000fbe80000,0x00000000fdf00000)
 ParOldGen       total 118784K, used 82687K [0x00000000c0000000, 0x00000000c7400000, 0x00000000eaa80000)
  object space 118784K, 69% used [0x00000000c0000000,0x00000000c50bfdc0,0x00000000c7400000)
 PSPermGen       total 21504K, used 7473K [0x00000000bae00000, 0x00000000bc300000, 0x00000000c0000000)
  object space 21504K, 34% used [0x00000000bae00000,0x00000000bb54c680,0x00000000bc300000)
}
Event: 12.466 GC heap before
{Heap before GC invocations=14 (full 1):
 PSYoungGen      total 316416K, used 304463K [0x00000000eaa80000, 0x0000000100000000, 0x0000000100000000)
  eden space 282624K, 100% used [0x00000000eaa80000,0x00000000fbe80000,0x00000000fbe80000)
  from space 33792K, 64% used [0x00000000fdf00000,0x00000000ff453c38,0x0000000100000000)
  to   space 33280K, 0% used [0x00000000fbe80000,0x00000000fbe80000,0x00000000fdf00000)
 ParOldGen       total 118784K, used 82687K [0x00000000c0000000, 0x00000000c7400000, 0x00000000eaa80000)
  object space 118784K, 69% used [0x00000000c0000000,0x00000000c50bfdc0,0x00000000c7400000)
 PSPermGen       total 21504K, used 7475K [0x00000000bae00000, 0x00000000bc300000, 0x00000000c0000000)
  object space 21504K, 34% used [0x00000000bae00000,0x00000000bb54cf90,0x00000000bc300000)

